<?xml version="1.0" encoding="UTF-8"?>
<!-- Generated by org.testng.reporters.JUnitXMLReporter -->
<testsuite ignored="0" hostname="LAPTOP-5VJ5O17R" failures="0" tests="3" name="ChromeTest" time="68.942" errors="0" timestamp="2023-01-06T01:27:07 IST">
  <testcase classname="com.khanAcademy.TestPackage.TC01_LoginFunctionality" name="verifyTheLoginFunctionality" time="0.186"/>
  <testcase classname="com.khanAcademy.TestPackage.TC02_LogoutFunctionality" name="verifyTheLogoutFunctionality" time="3.689"/>
  <testcase classname="com.khanAcademy.TestPackage.TC03_DragAndDropFunctionality" name="verifyTheDragAndDropFunctionality" time="36.398"/>
</testsuite> <!-- ChromeTest -->
